{"/Users/leofernanndes/dev/personal/food-services/food-services-auth-node-backend/src/dto/BaseDTO.ts": {"path":"/Users/leofernanndes/dev/personal/food-services/food-services-auth-node-backend/src/dto/BaseDTO.ts","statementMap":{"0":{"start":{"line":2,"column":0},"end":{"line":2,"column":62}},"1":{"start":{"line":5,"column":0},"end":{"line":5,"column":22}},"2":{"start":{"line":11,"column":8},"end":{"line":11,"column":52}},"3":{"start":{"line":12,"column":26},"end":{"line":12,"column":90}},"4":{"start":{"line":13,"column":8},"end":{"line":13,"column":37}},"5":{"start":{"line":14,"column":32},"end":{"line":14,"column":77}},"6":{"start":{"line":15,"column":8},"end":{"line":15,"column":81}},"7":{"start":{"line":18,"column":14},"end":{"line":24,"column":null}},"8":{"start":{"line":19,"column":34},"end":{"line":19,"column":44}},"9":{"start":{"line":20,"column":8},"end":{"line":22,"column":11}},"10":{"start":{"line":21,"column":12},"end":{"line":21,"column":null}},"11":{"start":{"line":23,"column":8},"end":{"line":23,"column":33}},"12":{"start":{"line":26,"column":14},"end":{"line":40,"column":null}},"13":{"start":{"line":27,"column":42},"end":{"line":27,"column":44}},"14":{"start":{"line":28,"column":44},"end":{"line":28,"column":46}},"15":{"start":{"line":29,"column":8},"end":{"line":38,"column":null}},"16":{"start":{"line":30,"column":12},"end":{"line":34,"column":null}},"17":{"start":{"line":31,"column":16},"end":{"line":31,"column":44}},"18":{"start":{"line":33,"column":16},"end":{"line":33,"column":null}},"19":{"start":{"line":35,"column":12},"end":{"line":37,"column":null}},"20":{"start":{"line":36,"column":16},"end":{"line":36,"column":88}},"21":{"start":{"line":39,"column":8},"end":{"line":39,"column":31}},"22":{"start":{"line":42,"column":14},"end":{"line":45,"column":null}},"23":{"start":{"line":43,"column":39},"end":{"line":43,"column":77}},"24":{"start":{"line":44,"column":8},"end":{"line":44,"column":null}},"25":{"start":{"line":47,"column":14},"end":{"line":55,"column":null}},"26":{"start":{"line":48,"column":42},"end":{"line":48,"column":52}},"27":{"start":{"line":49,"column":8},"end":{"line":53,"column":null}},"28":{"start":{"line":50,"column":12},"end":{"line":52,"column":null}},"29":{"start":{"line":51,"column":16},"end":{"line":51,"column":null}},"30":{"start":{"line":54,"column":8},"end":{"line":54,"column":null}},"31":{"start":{"line":57,"column":14},"end":{"line":65,"column":null}},"32":{"start":{"line":58,"column":29},"end":{"line":58,"column":104}},"33":{"start":{"line":59,"column":33},"end":{"line":59,"column":86}},"34":{"start":{"line":60,"column":8},"end":{"line":64,"column":null}},"35":{"start":{"line":61,"column":12},"end":{"line":61,"column":null}},"36":{"start":{"line":63,"column":12},"end":{"line":63,"column":null}},"37":{"start":{"line":66,"column":0},"end":{"line":66,"column":null}},"38":{"start":{"line":5,"column":22},"end":{"line":5,"column":29}}},"fnMap":{"0":{"name":"(anonymous_0)","decl":{"start":{"line":5,"column":0},"end":{"line":5,"column":22}},"loc":{"start":{"line":5,"column":0},"end":{"line":66,"column":null}}},"1":{"name":"BaseDTO","decl":{"start":{"line":10,"column":4},"end":{"line":10,"column":26}},"loc":{"start":{"line":10,"column":100},"end":{"line":16,"column":5}}},"2":{"name":"(anonymous_2)","decl":{"start":{"line":18,"column":4},"end":{"line":18,"column":14}},"loc":{"start":{"line":18,"column":107},"end":{"line":24,"column":5}}},"3":{"name":"(anonymous_3)","decl":{"start":{"line":20,"column":23},"end":{"line":20,"column":31}},"loc":{"start":{"line":20,"column":31},"end":{"line":22,"column":9}}},"4":{"name":"(anonymous_4)","decl":{"start":{"line":26,"column":4},"end":{"line":26,"column":14}},"loc":{"start":{"line":26,"column":93},"end":{"line":40,"column":5}}},"5":{"name":"(anonymous_5)","decl":{"start":{"line":29,"column":38},"end":{"line":29,"column":43}},"loc":{"start":{"line":29,"column":43},"end":{"line":38,"column":9}}},"6":{"name":"(anonymous_6)","decl":{"start":{"line":42,"column":4},"end":{"line":42,"column":14}},"loc":{"start":{"line":42,"column":104},"end":{"line":45,"column":5}}},"7":{"name":"(anonymous_7)","decl":{"start":{"line":47,"column":4},"end":{"line":47,"column":14}},"loc":{"start":{"line":47,"column":92},"end":{"line":55,"column":5}}},"8":{"name":"(anonymous_8)","decl":{"start":{"line":57,"column":4},"end":{"line":57,"column":14}},"loc":{"start":{"line":57,"column":117},"end":{"line":65,"column":5}}}},"branchMap":{"0":{"loc":{"start":{"line":30,"column":12},"end":{"line":34,"column":null}},"type":"if","locations":[{"start":{"line":30,"column":12},"end":{"line":34,"column":null}},{"start":{"line":32,"column":19},"end":{"line":34,"column":null}}]},"1":{"loc":{"start":{"line":35,"column":12},"end":{"line":37,"column":null}},"type":"if","locations":[{"start":{"line":35,"column":12},"end":{"line":37,"column":null}}]},"2":{"loc":{"start":{"line":50,"column":12},"end":{"line":52,"column":null}},"type":"if","locations":[{"start":{"line":50,"column":12},"end":{"line":52,"column":null}}]},"3":{"loc":{"start":{"line":60,"column":8},"end":{"line":64,"column":null}},"type":"if","locations":[{"start":{"line":60,"column":8},"end":{"line":64,"column":null}},{"start":{"line":62,"column":15},"end":{"line":64,"column":null}}]}},"s":{"0":1,"1":1,"2":1,"3":1,"4":1,"5":1,"6":1,"7":1,"8":3,"9":3,"10":18,"11":3,"12":1,"13":0,"14":0,"15":0,"16":0,"17":0,"18":0,"19":0,"20":0,"21":0,"22":1,"23":2,"24":2,"25":1,"26":4,"27":4,"28":28,"29":24,"30":4,"31":1,"32":2,"33":2,"34":2,"35":0,"36":2,"37":1,"38":1},"f":{"0":1,"1":1,"2":3,"3":18,"4":0,"5":0,"6":2,"7":4,"8":2},"b":{"0":[0,0],"1":[0],"2":[24],"3":[0,2]}}
,"/Users/leofernanndes/dev/personal/food-services/food-services-auth-node-backend/src/dto/BaseDataClass.ts": {"path":"/Users/leofernanndes/dev/personal/food-services/food-services-auth-node-backend/src/dto/BaseDataClass.ts","statementMap":{"0":{"start":{"line":1,"column":0},"end":{"line":1,"column":22}},"1":{"start":{"line":2,"column":0},"end":{"line":2,"column":null}},"2":{"start":{"line":1,"column":22},"end":{"line":1,"column":35}}},"fnMap":{"0":{"name":"(anonymous_0)","decl":{"start":{"line":1,"column":0},"end":{"line":1,"column":22}},"loc":{"start":{"line":1,"column":0},"end":{"line":2,"column":null}}}},"branchMap":{},"s":{"0":1,"1":1,"2":1},"f":{"0":8},"b":{}}
,"/Users/leofernanndes/dev/personal/food-services/food-services-auth-node-backend/src/dto/BaseOrmDTO.ts": {"path":"/Users/leofernanndes/dev/personal/food-services/food-services-auth-node-backend/src/dto/BaseOrmDTO.ts","statementMap":{"0":{"start":{"line":2,"column":0},"end":{"line":2,"column":34}},"1":{"start":{"line":3,"column":0},"end":{"line":3,"column":34}},"2":{"start":{"line":13,"column":0},"end":{"line":13,"column":100}},"3":{"start":{"line":13,"column":82},"end":{"line":13,"column":89}},"4":{"start":{"line":18,"column":8},"end":{"line":18,"column":null}},"5":{"start":{"line":19,"column":8},"end":{"line":19,"column":88}},"6":{"start":{"line":22,"column":11},"end":{"line":32,"column":null}},"7":{"start":{"line":23,"column":23},"end":{"line":23,"column":57}},"8":{"start":{"line":24,"column":8},"end":{"line":31,"column":null}},"9":{"start":{"line":25,"column":12},"end":{"line":25,"column":null}},"10":{"start":{"line":27,"column":31},"end":{"line":27,"column":50}},"11":{"start":{"line":28,"column":23},"end":{"line":28,"column":79}},"12":{"start":{"line":29,"column":12},"end":{"line":29,"column":61}},"13":{"start":{"line":30,"column":12},"end":{"line":30,"column":null}},"14":{"start":{"line":34,"column":11},"end":{"line":40,"column":null}},"15":{"start":{"line":34,"column":4},"end":{"line":34,"column":11}},"16":{"start":{"line":35,"column":23},"end":{"line":35,"column":33}},"17":{"start":{"line":36,"column":8},"end":{"line":38,"column":null}},"18":{"start":{"line":37,"column":12},"end":{"line":37,"column":null}},"19":{"start":{"line":39,"column":8},"end":{"line":39,"column":null}},"20":{"start":{"line":54,"column":0},"end":{"line":54,"column":null}},"21":{"start":{"line":13,"column":22},"end":{"line":13,"column":32}}},"fnMap":{"0":{"name":"(anonymous_6)","decl":{"start":{"line":13,"column":0},"end":{"line":13,"column":22}},"loc":{"start":{"line":13,"column":0},"end":{"line":54,"column":null}}},"1":{"name":"BaseOrmDTO","decl":{"start":{"line":16,"column":4},"end":{"line":16,"column":26}},"loc":{"start":{"line":17,"column":102},"end":{"line":20,"column":5}}},"2":{"name":"(anonymous_8)","decl":{"start":{"line":22,"column":4},"end":{"line":22,"column":11}},"loc":{"start":{"line":22,"column":81},"end":{"line":32,"column":5}}},"3":{"name":"(anonymous_9)","decl":{"start":{"line":34,"column":4},"end":{"line":34,"column":11}},"loc":{"start":{"line":34,"column":64},"end":{"line":40,"column":5}}},"4":{"name":"(anonymous_10)","decl":{"start":{"line":36,"column":40},"end":{"line":36,"column":45}},"loc":{"start":{"line":36,"column":45},"end":{"line":38,"column":9}}}},"branchMap":{"0":{"loc":{"start":{"line":18,"column":8},"end":{"line":18,"column":null}},"type":"binary-expr","locations":[{"start":{"line":18,"column":8},"end":{"line":18,"column":58}},{"start":{"line":18,"column":58},"end":{"line":18,"column":null}}]},"1":{"loc":{"start":{"line":19,"column":54},"end":{"line":19,"column":86}},"type":"cond-expr","locations":[{"start":{"line":19,"column":61},"end":{"line":19,"column":63}},{"start":{"line":19,"column":54},"end":{"line":19,"column":86}}]},"2":{"loc":{"start":{"line":19,"column":54},"end":{"line":19,"column":63}},"type":"binary-expr","locations":[{"start":{"line":19,"column":54},"end":{"line":19,"column":63}},{"start":{"line":19,"column":54},"end":{"line":19,"column":63}}]},"3":{"loc":{"start":{"line":24,"column":8},"end":{"line":31,"column":null}},"type":"if","locations":[{"start":{"line":24,"column":8},"end":{"line":31,"column":null}},{"start":{"line":26,"column":15},"end":{"line":31,"column":null}}]}},"s":{"0":1,"1":1,"2":1,"3":1,"4":1,"5":1,"6":1,"7":1,"8":1,"9":1,"10":0,"11":0,"12":0,"13":0,"14":1,"15":2,"16":2,"17":2,"18":12,"19":2,"20":1,"21":1},"f":{"0":1,"1":1,"2":1,"3":2,"4":12},"b":{"0":[1,1],"1":[1,0],"2":[1,1],"3":[1,0]}}
,"/Users/leofernanndes/dev/personal/food-services/food-services-auth-node-backend/src/dto/user/UserOrmDTO.ts": {"path":"/Users/leofernanndes/dev/personal/food-services/food-services-auth-node-backend/src/dto/user/UserOrmDTO.ts","statementMap":{"0":{"start":{"line":3,"column":0},"end":{"line":3,"column":41}},"1":{"start":{"line":4,"column":0},"end":{"line":4,"column":28}},"2":{"start":{"line":5,"column":0},"end":{"line":5,"column":51}},"3":{"start":{"line":8,"column":0},"end":{"line":8,"column":102}},"4":{"start":{"line":8,"column":73},"end":{"line":8,"column":83}},"5":{"start":{"line":13,"column":8},"end":{"line":13,"column":null}},"6":{"start":{"line":9,"column":4},"end":{"line":9,"column":82}},"7":{"start":{"line":15,"column":8},"end":{"line":17,"column":null}},"8":{"start":{"line":16,"column":12},"end":{"line":16,"column":95}},"9":{"start":{"line":18,"column":8},"end":{"line":18,"column":63}},"10":{"start":{"line":21,"column":12},"end":{"line":23,"column":null}},"11":{"start":{"line":22,"column":8},"end":{"line":22,"column":45}},"12":{"start":{"line":24,"column":0},"end":{"line":24,"column":null}},"13":{"start":{"line":8,"column":13},"end":{"line":8,"column":23}}},"fnMap":{"0":{"name":"(anonymous_7)","decl":{"start":{"line":8,"column":0},"end":{"line":8,"column":13}},"loc":{"start":{"line":8,"column":0},"end":{"line":24,"column":null}}},"1":{"name":"UserOrmDTO","decl":{"start":{"line":12,"column":4},"end":{"line":12,"column":16}},"loc":{"start":{"line":12,"column":128},"end":{"line":19,"column":5}}},"2":{"name":"(anonymous_9)","decl":{"start":{"line":21,"column":4},"end":{"line":21,"column":12}},"loc":{"start":{"line":21,"column":41},"end":{"line":23,"column":5}}}},"branchMap":{"0":{"loc":{"start":{"line":13,"column":8},"end":{"line":13,"column":null}},"type":"binary-expr","locations":[{"start":{"line":13,"column":8},"end":{"line":13,"column":139}},{"start":{"line":13,"column":139},"end":{"line":13,"column":null}}]},"1":{"loc":{"start":{"line":13,"column":52},"end":{"line":13,"column":138}},"type":"cond-expr","locations":[{"start":{"line":13,"column":70},"end":{"line":13,"column":87}},{"start":{"line":13,"column":88},"end":{"line":13,"column":138}}]},"2":{"loc":{"start":{"line":15,"column":8},"end":{"line":17,"column":null}},"type":"if","locations":[{"start":{"line":15,"column":8},"end":{"line":17,"column":null}}]}},"s":{"0":1,"1":1,"2":1,"3":1,"4":1,"5":1,"6":1,"7":1,"8":1,"9":1,"10":1,"11":1,"12":1,"13":1},"f":{"0":1,"1":1,"2":1},"b":{"0":[1,0],"1":[1,0],"2":[1]}}
,"/Users/leofernanndes/dev/personal/food-services/food-services-auth-node-backend/src/dto/user/dataClass/UserDataClass.ts": {"path":"/Users/leofernanndes/dev/personal/food-services/food-services-auth-node-backend/src/dto/user/dataClass/UserDataClass.ts","statementMap":{"0":{"start":{"line":1,"column":0},"end":{"line":1,"column":50}},"1":{"start":{"line":2,"column":0},"end":{"line":2,"column":71}},"2":{"start":{"line":5,"column":0},"end":{"line":5,"column":null}},"3":{"start":{"line":5,"column":35},"end":{"line":5,"column":48}},"4":{"start":{"line":7,"column":4},"end":{"line":7,"column":null}},"5":{"start":{"line":11,"column":4},"end":{"line":11,"column":null}},"6":{"start":{"line":15,"column":4},"end":{"line":15,"column":null}},"7":{"start":{"line":21,"column":4},"end":{"line":21,"column":null}},"8":{"start":{"line":25,"column":4},"end":{"line":25,"column":null}},"9":{"start":{"line":29,"column":4},"end":{"line":29,"column":null}},"10":{"start":{"line":30,"column":0},"end":{"line":30,"column":null}},"11":{"start":{"line":5,"column":13},"end":{"line":5,"column":26}}},"fnMap":{"0":{"name":"(anonymous_8)","decl":{"start":{"line":5,"column":0},"end":{"line":5,"column":13}},"loc":{"start":{"line":5,"column":0},"end":{"line":5,"column":13}}}},"branchMap":{},"s":{"0":1,"1":1,"2":1,"3":1,"4":1,"5":1,"6":1,"7":1,"8":1,"9":1,"10":1,"11":1},"f":{"0":8},"b":{}}
,"/Users/leofernanndes/dev/personal/food-services/food-services-auth-node-backend/src/entity/FSBaseEntity.ts": {"path":"/Users/leofernanndes/dev/personal/food-services/food-services-auth-node-backend/src/entity/FSBaseEntity.ts","statementMap":{"0":{"start":{"line":1,"column":0},"end":{"line":1,"column":94}},"1":{"start":{"line":4,"column":0},"end":{"line":4,"column":22}},"2":{"start":{"line":10,"column":4},"end":{"line":10,"column":null}},"3":{"start":{"line":13,"column":4},"end":{"line":13,"column":null}},"4":{"start":{"line":14,"column":0},"end":{"line":14,"column":null}},"5":{"start":{"line":4,"column":22},"end":{"line":4,"column":34}}},"fnMap":{"0":{"name":"(anonymous_2)","decl":{"start":{"line":4,"column":0},"end":{"line":4,"column":22}},"loc":{"start":{"line":4,"column":0},"end":{"line":4,"column":22}}}},"branchMap":{},"s":{"0":1,"1":1,"2":1,"3":1,"4":1,"5":1},"f":{"0":3},"b":{}}
,"/Users/leofernanndes/dev/personal/food-services/food-services-auth-node-backend/src/entity/UserEntity.ts": {"path":"/Users/leofernanndes/dev/personal/food-services/food-services-auth-node-backend/src/entity/UserEntity.ts","statementMap":{"0":{"start":{"line":1,"column":0},"end":{"line":1,"column":70}},"1":{"start":{"line":3,"column":0},"end":{"line":3,"column":44}},"2":{"start":{"line":7,"column":0},"end":{"line":7,"column":null}},"3":{"start":{"line":7,"column":33},"end":{"line":7,"column":45}},"4":{"start":{"line":10,"column":4},"end":{"line":10,"column":null}},"5":{"start":{"line":13,"column":4},"end":{"line":13,"column":null}},"6":{"start":{"line":16,"column":4},"end":{"line":16,"column":null}},"7":{"start":{"line":19,"column":4},"end":{"line":19,"column":null}},"8":{"start":{"line":22,"column":4},"end":{"line":22,"column":null}},"9":{"start":{"line":25,"column":4},"end":{"line":25,"column":null}},"10":{"start":{"line":7,"column":13},"end":{"line":26,"column":null}},"11":{"start":{"line":26,"column":0},"end":{"line":26,"column":null}},"12":{"start":{"line":7,"column":13},"end":{"line":7,"column":23}}},"fnMap":{"0":{"name":"(anonymous_8)","decl":{"start":{"line":7,"column":0},"end":{"line":7,"column":13}},"loc":{"start":{"line":7,"column":0},"end":{"line":7,"column":13}}}},"branchMap":{},"s":{"0":1,"1":1,"2":1,"3":1,"4":1,"5":1,"6":1,"7":1,"8":1,"9":1,"10":1,"11":1,"12":1},"f":{"0":3},"b":{}}
}
