TN:
SF:src/dto/BaseDTO.ts
FN:5,(anonymous_0)
FN:10,BaseDTO
FN:18,(anonymous_2)
FN:20,(anonymous_3)
FN:26,(anonymous_4)
FN:29,(anonymous_5)
FN:42,(anonymous_6)
FN:47,(anonymous_7)
FN:57,(anonymous_8)
FNF:9
FNH:7
FNDA:1,(anonymous_0)
FNDA:1,BaseDTO
FNDA:3,(anonymous_2)
FNDA:18,(anonymous_3)
FNDA:0,(anonymous_4)
FNDA:0,(anonymous_5)
FNDA:2,(anonymous_6)
FNDA:4,(anonymous_7)
FNDA:2,(anonymous_8)
DA:2,1
DA:5,1
DA:11,1
DA:12,1
DA:13,1
DA:14,1
DA:15,1
DA:18,1
DA:19,3
DA:20,3
DA:21,18
DA:23,3
DA:26,1
DA:27,0
DA:28,0
DA:29,0
DA:30,0
DA:31,0
DA:33,0
DA:35,0
DA:36,0
DA:39,0
DA:42,1
DA:43,2
DA:44,2
DA:47,1
DA:48,4
DA:49,4
DA:50,28
DA:51,24
DA:54,4
DA:57,1
DA:58,2
DA:59,2
DA:60,2
DA:61,0
DA:63,2
DA:66,1
LF:38
LH:28
BRDA:30,0,0,0
BRDA:30,0,1,0
BRDA:35,1,0,0
BRDA:50,2,0,24
BRDA:60,3,0,0
BRDA:60,3,1,2
BRF:6
BRH:2
end_of_record
TN:
SF:src/dto/BaseDataClass.ts
FN:1,(anonymous_0)
FNF:1
FNH:1
FNDA:8,(anonymous_0)
DA:1,1
DA:2,1
LF:2
LH:2
BRF:0
BRH:0
end_of_record
TN:
SF:src/dto/BaseOrmDTO.ts
FN:13,(anonymous_6)
FN:16,BaseOrmDTO
FN:22,(anonymous_8)
FN:34,(anonymous_9)
FN:36,(anonymous_10)
FNF:5
FNH:5
FNDA:1,(anonymous_6)
FNDA:1,BaseOrmDTO
FNDA:1,(anonymous_8)
FNDA:2,(anonymous_9)
FNDA:12,(anonymous_10)
DA:2,1
DA:3,1
DA:13,1
DA:18,1
DA:19,1
DA:22,1
DA:23,1
DA:24,1
DA:25,1
DA:27,0
DA:28,0
DA:29,0
DA:30,0
DA:34,2
DA:35,2
DA:36,2
DA:37,12
DA:39,2
DA:54,1
LF:19
LH:15
BRDA:18,0,0,1
BRDA:18,0,1,1
BRDA:19,1,0,1
BRDA:19,1,1,0
BRDA:19,2,0,1
BRDA:19,2,1,1
BRDA:24,3,0,1
BRDA:24,3,1,0
BRF:8
BRH:6
end_of_record
TN:
SF:src/dto/user/UserOrmDTO.ts
FN:8,(anonymous_7)
FN:12,UserOrmDTO
FN:21,(anonymous_9)
FNF:3
FNH:3
FNDA:1,(anonymous_7)
FNDA:1,UserOrmDTO
FNDA:1,(anonymous_9)
DA:3,1
DA:4,1
DA:5,1
DA:8,1
DA:9,1
DA:13,1
DA:15,1
DA:16,1
DA:18,1
DA:21,1
DA:22,1
DA:24,1
LF:12
LH:12
BRDA:13,0,0,1
BRDA:13,0,1,0
BRDA:13,1,0,1
BRDA:13,1,1,0
BRDA:15,2,0,1
BRF:5
BRH:3
end_of_record
TN:
SF:src/dto/user/dataClass/UserDataClass.ts
FN:5,(anonymous_8)
FNF:1
FNH:1
FNDA:8,(anonymous_8)
DA:1,1
DA:2,1
DA:5,1
DA:7,1
DA:11,1
DA:15,1
DA:21,1
DA:25,1
DA:29,1
DA:30,1
LF:10
LH:10
BRF:0
BRH:0
end_of_record
TN:
SF:src/entity/FSBaseEntity.ts
FN:4,(anonymous_2)
FNF:1
FNH:1
FNDA:3,(anonymous_2)
DA:1,1
DA:4,1
DA:10,1
DA:13,1
DA:14,1
LF:5
LH:5
BRF:0
BRH:0
end_of_record
TN:
SF:src/entity/UserEntity.ts
FN:7,(anonymous_8)
FNF:1
FNH:1
FNDA:3,(anonymous_8)
DA:1,1
DA:3,1
DA:7,1
DA:10,1
DA:13,1
DA:16,1
DA:19,1
DA:22,1
DA:25,1
DA:26,1
LF:10
LH:10
BRF:0
BRH:0
end_of_record
